<?xml version="1.0" encoding="UTF-8"?>
<testng-results skipped="0" failed="0" ignored="0" total="2" passed="2">
  <reporter-output>
  </reporter-output>
  <suite name="Default suite" duration-ms="8623" started-at="2019-06-19T18:20:35Z" finished-at="2019-06-19T18:20:43Z">
    <groups>
    </groups>
    <test name="Default test" duration-ms="8623" started-at="2019-06-19T18:20:35Z" finished-at="2019-06-19T18:20:43Z">
      <class name="selegit.newp">
        <test-method status="PASS" signature="driver()[pri:0, instance:selegit.newp@4f933fd1]" name="driver" duration-ms="8283" started-at="2019-06-19T18:20:35Z" finished-at="2019-06-19T18:20:43Z">
          <reporter-output>
          </reporter-output>
        </test-method> <!-- driver -->
        <test-method status="PASS" signature="loginFunctionality()[pri:0, instance:selegit.newp@4f933fd1]" name="loginFunctionality" duration-ms="320" started-at="2019-06-19T18:20:43Z" finished-at="2019-06-19T18:20:43Z">
          <reporter-output>
          </reporter-output>
        </test-method> <!-- loginFunctionality -->
      </class> <!-- selegit.newp -->
    </test> <!-- Default test -->
  </suite> <!-- Default suite -->
</testng-results>
